{"F:\\openclawd\\quit-smoking-app\\frontend\\src\\App.js": {"path":"F:\\openclawd\\quit-smoking-app\\frontend\\src\\App.js","statementMap":{"0":{"start":{"line":9,"column":16},"end":{"line":9,"column":45}},"1":{"start":{"line":10,"column":2},"end":{"line":10,"column":48}},"2":{"start":{"line":14,"column":2},"end":{"line":37,"column":4}}},"fnMap":{"0":{"name":"PrivateRoute","decl":{"start":{"line":8,"column":9},"end":{"line":8,"column":21}},"loc":{"start":{"line":8,"column":36},"end":{"line":11,"column":1}},"line":8},"1":{"name":"App","decl":{"start":{"line":13,"column":9},"end":{"line":13,"column":12}},"loc":{"start":{"line":13,"column":15},"end":{"line":38,"column":1}},"line":13}},"branchMap":{"0":{"loc":{"start":{"line":10,"column":9},"end":{"line":10,"column":47}},"type":"cond-expr","locations":[{"start":{"line":10,"column":17},"end":{"line":10,"column":25}},{"start":{"line":10,"column":28},"end":{"line":10,"column":47}}],"line":10}},"s":{"0":0,"1":0,"2":0},"f":{"0":0,"1":0},"b":{"0":[0,0]}}
,"F:\\openclawd\\quit-smoking-app\\frontend\\src\\index.js": {"path":"F:\\openclawd\\quit-smoking-app\\frontend\\src\\index.js","statementMap":{"0":{"start":{"line":5,"column":13},"end":{"line":5,"column":65}},"1":{"start":{"line":6,"column":0},"end":{"line":10,"column":2}}},"fnMap":{},"branchMap":{},"s":{"0":0,"1":0},"f":{},"b":{}}
,"F:\\openclawd\\quit-smoking-app\\frontend\\src\\pages\\CheckIn.js": {"path":"F:\\openclawd\\quit-smoking-app\\frontend\\src\\pages\\CheckIn.js","statementMap":{"0":{"start":{"line":6,"column":26},"end":{"line":6,"column":40}},"1":{"start":{"line":7,"column":30},"end":{"line":7,"column":41}},"2":{"start":{"line":8,"column":42},"end":{"line":8,"column":57}},"3":{"start":{"line":9,"column":32},"end":{"line":9,"column":46}},"4":{"start":{"line":10,"column":28},"end":{"line":10,"column":40}},"5":{"start":{"line":12,"column":2},"end":{"line":15,"column":9}},"6":{"start":{"line":13,"column":4},"end":{"line":13,"column":19}},"7":{"start":{"line":14,"column":4},"end":{"line":14,"column":17}},"8":{"start":{"line":17,"column":24},"end":{"line":20,"column":3}},"9":{"start":{"line":18,"column":18},"end":{"line":18,"column":47}},"10":{"start":{"line":19,"column":4},"end":{"line":19,"column":48}},"11":{"start":{"line":22,"column":23},"end":{"line":35,"column":3}},"12":{"start":{"line":23,"column":4},"end":{"line":34,"column":5}},"13":{"start":{"line":24,"column":18},"end":{"line":26,"column":8}},"14":{"start":{"line":27,"column":6},"end":{"line":27,"column":24}},"15":{"start":{"line":28,"column":6},"end":{"line":28,"column":38}},"16":{"start":{"line":30,"column":6},"end":{"line":30,"column":25}},"17":{"start":{"line":31,"column":6},"end":{"line":31,"column":38}},"18":{"start":{"line":33,"column":6},"end":{"line":33,"column":24}},"19":{"start":{"line":37,"column":21},"end":{"line":46,"column":3}},"20":{"start":{"line":38,"column":4},"end":{"line":45,"column":5}},"21":{"start":{"line":39,"column":18},"end":{"line":41,"column":8}},"22":{"start":{"line":42,"column":6},"end":{"line":42,"column":43}},"23":{"start":{"line":44,"column":6},"end":{"line":44,"column":36}},"24":{"start":{"line":48,"column":24},"end":{"line":63,"column":3}},"25":{"start":{"line":49,"column":4},"end":{"line":62,"column":5}},"26":{"start":{"line":50,"column":6},"end":{"line":50,"column":23}},"27":{"start":{"line":51,"column":18},"end":{"line":53,"column":8}},"28":{"start":{"line":54,"column":6},"end":{"line":54,"column":28}},"29":{"start":{"line":55,"column":6},"end":{"line":55,"column":28}},"30":{"start":{"line":56,"column":6},"end":{"line":56,"column":19}},"31":{"start":{"line":58,"column":6},"end":{"line":58,"column":27}},"32":{"start":{"line":59,"column":6},"end":{"line":59,"column":34}},"33":{"start":{"line":61,"column":6},"end":{"line":61,"column":24}},"34":{"start":{"line":65,"column":2},"end":{"line":67,"column":3}},"35":{"start":{"line":66,"column":4},"end":{"line":66,"column":49}},"36":{"start":{"line":69,"column":2},"end":{"line":103,"column":4}}},"fnMap":{"0":{"name":"CheckIn","decl":{"start":{"line":5,"column":24},"end":{"line":5,"column":31}},"loc":{"start":{"line":5,"column":34},"end":{"line":104,"column":1}},"line":5},"1":{"name":"(anonymous_1)","decl":{"start":{"line":12,"column":12},"end":{"line":12,"column":13}},"loc":{"start":{"line":12,"column":18},"end":{"line":15,"column":3}},"line":12},"2":{"name":"(anonymous_2)","decl":{"start":{"line":17,"column":24},"end":{"line":17,"column":25}},"loc":{"start":{"line":17,"column":30},"end":{"line":20,"column":3}},"line":17},"3":{"name":"(anonymous_3)","decl":{"start":{"line":22,"column":23},"end":{"line":22,"column":24}},"loc":{"start":{"line":22,"column":35},"end":{"line":35,"column":3}},"line":22},"4":{"name":"(anonymous_4)","decl":{"start":{"line":37,"column":21},"end":{"line":37,"column":22}},"loc":{"start":{"line":37,"column":33},"end":{"line":46,"column":3}},"line":37},"5":{"name":"(anonymous_5)","decl":{"start":{"line":48,"column":24},"end":{"line":48,"column":25}},"loc":{"start":{"line":48,"column":36},"end":{"line":63,"column":3}},"line":48}},"branchMap":{"0":{"loc":{"start":{"line":65,"column":2},"end":{"line":67,"column":3}},"type":"if","locations":[{"start":{"line":65,"column":2},"end":{"line":67,"column":3}},{"start":{},"end":{}}],"line":65},"1":{"loc":{"start":{"line":74,"column":11},"end":{"line":74,"column":80}},"type":"binary-expr","locations":[{"start":{"line":74,"column":11},"end":{"line":74,"column":15}},{"start":{"line":74,"column":19},"end":{"line":74,"column":80}}],"line":74},"2":{"loc":{"start":{"line":74,"column":48},"end":{"line":74,"column":75}},"type":"binary-expr","locations":[{"start":{"line":74,"column":48},"end":{"line":74,"column":61}},{"start":{"line":74,"column":65},"end":{"line":74,"column":75}}],"line":74},"3":{"loc":{"start":{"line":82,"column":9},"end":{"line":82,"column":50}},"type":"binary-expr","locations":[{"start":{"line":82,"column":9},"end":{"line":82,"column":14}},{"start":{"line":82,"column":18},"end":{"line":82,"column":50}}],"line":82},"4":{"loc":{"start":{"line":86,"column":20},"end":{"line":86,"column":43}},"type":"binary-expr","locations":[{"start":{"line":86,"column":20},"end":{"line":86,"column":32}},{"start":{"line":86,"column":36},"end":{"line":86,"column":43}}],"line":86},"5":{"loc":{"start":{"line":87,"column":36},"end":{"line":87,"column":65}},"type":"cond-expr","locations":[{"start":{"line":87,"column":51},"end":{"line":87,"column":60}},{"start":{"line":87,"column":63},"end":{"line":87,"column":65}}],"line":87},"6":{"loc":{"start":{"line":89,"column":11},"end":{"line":89,"column":45}},"type":"cond-expr","locations":[{"start":{"line":89,"column":26},"end":{"line":89,"column":35}},{"start":{"line":89,"column":38},"end":{"line":89,"column":45}}],"line":89},"7":{"loc":{"start":{"line":93,"column":11},"end":{"line":93,"column":52}},"type":"cond-expr","locations":[{"start":{"line":93,"column":26},"end":{"line":93,"column":36}},{"start":{"line":93,"column":39},"end":{"line":93,"column":52}}],"line":93}},"s":{"0":0,"1":0,"2":0,"3":0,"4":0,"5":0,"6":0,"7":0,"8":0,"9":0,"10":0,"11":0,"12":0,"13":0,"14":0,"15":0,"16":0,"17":0,"18":0,"19":0,"20":0,"21":0,"22":0,"23":0,"24":0,"25":0,"26":0,"27":0,"28":0,"29":0,"30":0,"31":0,"32":0,"33":0,"34":0,"35":0,"36":0},"f":{"0":0,"1":0,"2":0,"3":0,"4":0,"5":0},"b":{"0":[0,0],"1":[0,0],"2":[0,0],"3":[0,0],"4":[0,0],"5":[0,0],"6":[0,0],"7":[0,0]}}
,"F:\\openclawd\\quit-smoking-app\\frontend\\src\\pages\\Friends.js": {"path":"F:\\openclawd\\quit-smoking-app\\frontend\\src\\pages\\Friends.js","statementMap":{"0":{"start":{"line":6,"column":32},"end":{"line":6,"column":44}},"1":{"start":{"line":7,"column":28},"end":{"line":7,"column":40}},"2":{"start":{"line":8,"column":26},"end":{"line":8,"column":38}},"3":{"start":{"line":9,"column":32},"end":{"line":9,"column":46}},"4":{"start":{"line":10,"column":28},"end":{"line":10,"column":40}},"5":{"start":{"line":12,"column":2},"end":{"line":14,"column":9}},"6":{"start":{"line":13,"column":4},"end":{"line":13,"column":19}},"7":{"start":{"line":16,"column":24},"end":{"line":19,"column":3}},"8":{"start":{"line":17,"column":18},"end":{"line":17,"column":47}},"9":{"start":{"line":18,"column":4},"end":{"line":18,"column":48}},"10":{"start":{"line":21,"column":23},"end":{"line":33,"column":3}},"11":{"start":{"line":22,"column":4},"end":{"line":32,"column":5}},"12":{"start":{"line":23,"column":18},"end":{"line":25,"column":8}},"13":{"start":{"line":26,"column":6},"end":{"line":26,"column":35}},"14":{"start":{"line":28,"column":6},"end":{"line":28,"column":27}},"15":{"start":{"line":29,"column":6},"end":{"line":29,"column":38}},"16":{"start":{"line":31,"column":6},"end":{"line":31,"column":24}},"17":{"start":{"line":35,"column":26},"end":{"line":57,"column":3}},"18":{"start":{"line":36,"column":4},"end":{"line":39,"column":5}},"19":{"start":{"line":37,"column":6},"end":{"line":37,"column":24}},"20":{"start":{"line":38,"column":6},"end":{"line":38,"column":13}},"21":{"start":{"line":41,"column":4},"end":{"line":56,"column":5}},"22":{"start":{"line":42,"column":6},"end":{"line":42,"column":23}},"23":{"start":{"line":43,"column":6},"end":{"line":46,"column":8}},"24":{"start":{"line":47,"column":6},"end":{"line":47,"column":19}},"25":{"start":{"line":48,"column":6},"end":{"line":48,"column":18}},"26":{"start":{"line":49,"column":6},"end":{"line":49,"column":19}},"27":{"start":{"line":50,"column":6},"end":{"line":50,"column":21}},"28":{"start":{"line":52,"column":6},"end":{"line":52,"column":27}},"29":{"start":{"line":53,"column":6},"end":{"line":53,"column":36}},"30":{"start":{"line":55,"column":6},"end":{"line":55,"column":24}},"31":{"start":{"line":59,"column":29},"end":{"line":69,"column":3}},"32":{"start":{"line":60,"column":4},"end":{"line":68,"column":5}},"33":{"start":{"line":61,"column":6},"end":{"line":63,"column":9}},"34":{"start":{"line":64,"column":6},"end":{"line":64,"column":21}},"35":{"start":{"line":66,"column":6},"end":{"line":66,"column":23}},"36":{"start":{"line":67,"column":6},"end":{"line":67,"column":36}},"37":{"start":{"line":71,"column":2},"end":{"line":73,"column":3}},"38":{"start":{"line":72,"column":4},"end":{"line":72,"column":49}},"39":{"start":{"line":75,"column":2},"end":{"line":138,"column":4}},"40":{"start":{"line":88,"column":31},"end":{"line":88,"column":55}},"41":{"start":{"line":94,"column":31},"end":{"line":94,"column":54}},"42":{"start":{"line":116,"column":16},"end":{"line":127,"column":21}},"43":{"start":{"line":122,"column":35},"end":{"line":122,"column":65}}},"fnMap":{"0":{"name":"Friends","decl":{"start":{"line":5,"column":24},"end":{"line":5,"column":31}},"loc":{"start":{"line":5,"column":34},"end":{"line":139,"column":1}},"line":5},"1":{"name":"(anonymous_1)","decl":{"start":{"line":12,"column":12},"end":{"line":12,"column":13}},"loc":{"start":{"line":12,"column":18},"end":{"line":14,"column":3}},"line":12},"2":{"name":"(anonymous_2)","decl":{"start":{"line":16,"column":24},"end":{"line":16,"column":25}},"loc":{"start":{"line":16,"column":30},"end":{"line":19,"column":3}},"line":16},"3":{"name":"(anonymous_3)","decl":{"start":{"line":21,"column":23},"end":{"line":21,"column":24}},"loc":{"start":{"line":21,"column":35},"end":{"line":33,"column":3}},"line":21},"4":{"name":"(anonymous_4)","decl":{"start":{"line":35,"column":26},"end":{"line":35,"column":27}},"loc":{"start":{"line":35,"column":38},"end":{"line":57,"column":3}},"line":35},"5":{"name":"(anonymous_5)","decl":{"start":{"line":59,"column":29},"end":{"line":59,"column":30}},"loc":{"start":{"line":59,"column":43},"end":{"line":69,"column":3}},"line":59},"6":{"name":"(anonymous_6)","decl":{"start":{"line":88,"column":24},"end":{"line":88,"column":25}},"loc":{"start":{"line":88,"column":31},"end":{"line":88,"column":55}},"line":88},"7":{"name":"(anonymous_7)","decl":{"start":{"line":94,"column":24},"end":{"line":94,"column":25}},"loc":{"start":{"line":94,"column":31},"end":{"line":94,"column":54}},"line":94},"8":{"name":"(anonymous_8)","decl":{"start":{"line":115,"column":27},"end":{"line":115,"column":28}},"loc":{"start":{"line":116,"column":16},"end":{"line":127,"column":21}},"line":116},"9":{"name":"(anonymous_9)","decl":{"start":{"line":122,"column":29},"end":{"line":122,"column":30}},"loc":{"start":{"line":122,"column":35},"end":{"line":122,"column":65}},"line":122}},"branchMap":{"0":{"loc":{"start":{"line":36,"column":4},"end":{"line":39,"column":5}},"type":"if","locations":[{"start":{"line":36,"column":4},"end":{"line":39,"column":5}},{"start":{},"end":{}}],"line":36},"1":{"loc":{"start":{"line":71,"column":2},"end":{"line":73,"column":3}},"type":"if","locations":[{"start":{"line":71,"column":2},"end":{"line":73,"column":3}},{"start":{},"end":{}}],"line":71},"2":{"loc":{"start":{"line":71,"column":6},"end":{"line":71,"column":37}},"type":"binary-expr","locations":[{"start":{"line":71,"column":6},"end":{"line":71,"column":13}},{"start":{"line":71,"column":17},"end":{"line":71,"column":37}}],"line":71},"3":{"loc":{"start":{"line":98,"column":11},"end":{"line":98,"column":52}},"type":"binary-expr","locations":[{"start":{"line":98,"column":11},"end":{"line":98,"column":16}},{"start":{"line":98,"column":20},"end":{"line":98,"column":52}}],"line":98},"4":{"loc":{"start":{"line":105,"column":13},"end":{"line":105,"column":40}},"type":"cond-expr","locations":[{"start":{"line":105,"column":23},"end":{"line":105,"column":31}},{"start":{"line":105,"column":34},"end":{"line":105,"column":40}}],"line":105},"5":{"loc":{"start":{"line":111,"column":11},"end":{"line":130,"column":11}},"type":"cond-expr","locations":[{"start":{"line":112,"column":12},"end":{"line":112,"column":52}},{"start":{"line":114,"column":12},"end":{"line":129,"column":17}}],"line":111},"6":{"loc":{"start":{"line":118,"column":48},"end":{"line":118,"column":74}},"type":"binary-expr","locations":[{"start":{"line":118,"column":48},"end":{"line":118,"column":66}},{"start":{"line":118,"column":70},"end":{"line":118,"column":74}}],"line":118}},"s":{"0":0,"1":0,"2":0,"3":0,"4":0,"5":0,"6":0,"7":0,"8":0,"9":0,"10":0,"11":0,"12":0,"13":0,"14":0,"15":0,"16":0,"17":0,"18":0,"19":0,"20":0,"21":0,"22":0,"23":0,"24":0,"25":0,"26":0,"27":0,"28":0,"29":0,"30":0,"31":0,"32":0,"33":0,"34":0,"35":0,"36":0,"37":0,"38":0,"39":0,"40":0,"41":0,"42":0,"43":0},"f":{"0":0,"1":0,"2":0,"3":0,"4":0,"5":0,"6":0,"7":0,"8":0,"9":0},"b":{"0":[0,0],"1":[0,0],"2":[0,0],"3":[0,0],"4":[0,0],"5":[0,0],"6":[0,0]}}
,"F:\\openclawd\\quit-smoking-app\\frontend\\src\\pages\\Login.js": {"path":"F:\\openclawd\\quit-smoking-app\\frontend\\src\\pages\\Login.js","statementMap":{"0":{"start":{"line":6,"column":28},"end":{"line":6,"column":40}},"1":{"start":{"line":7,"column":26},"end":{"line":7,"column":41}},"2":{"start":{"line":8,"column":32},"end":{"line":8,"column":47}},"3":{"start":{"line":9,"column":28},"end":{"line":9,"column":40}},"4":{"start":{"line":11,"column":25},"end":{"line":29,"column":3}},"5":{"start":{"line":12,"column":4},"end":{"line":15,"column":5}},"6":{"start":{"line":13,"column":6},"end":{"line":13,"column":24}},"7":{"start":{"line":14,"column":6},"end":{"line":14,"column":13}},"8":{"start":{"line":17,"column":4},"end":{"line":17,"column":21}},"9":{"start":{"line":18,"column":4},"end":{"line":18,"column":17}},"10":{"start":{"line":20,"column":4},"end":{"line":28,"column":5}},"11":{"start":{"line":21,"column":6},"end":{"line":21,"column":89}},"12":{"start":{"line":22,"column":6},"end":{"line":22,"column":20}},"13":{"start":{"line":24,"column":6},"end":{"line":24,"column":27}},"14":{"start":{"line":25,"column":6},"end":{"line":25,"column":38}},"15":{"start":{"line":27,"column":6},"end":{"line":27,"column":24}},"16":{"start":{"line":31,"column":2},"end":{"line":83,"column":4}},"17":{"start":{"line":44,"column":33},"end":{"line":44,"column":57}},"18":{"start":{"line":45,"column":35},"end":{"line":45,"column":72}},"19":{"start":{"line":72,"column":16},"end":{"line":72,"column":31}},"20":{"start":{"line":73,"column":16},"end":{"line":73,"column":29}}},"fnMap":{"0":{"name":"Login","decl":{"start":{"line":5,"column":24},"end":{"line":5,"column":29}},"loc":{"start":{"line":5,"column":32},"end":{"line":84,"column":1}},"line":5},"1":{"name":"(anonymous_1)","decl":{"start":{"line":11,"column":25},"end":{"line":11,"column":26}},"loc":{"start":{"line":11,"column":37},"end":{"line":29,"column":3}},"line":11},"2":{"name":"(anonymous_2)","decl":{"start":{"line":44,"column":26},"end":{"line":44,"column":27}},"loc":{"start":{"line":44,"column":33},"end":{"line":44,"column":57}},"line":44},"3":{"name":"(anonymous_3)","decl":{"start":{"line":45,"column":28},"end":{"line":45,"column":29}},"loc":{"start":{"line":45,"column":35},"end":{"line":45,"column":72}},"line":45},"4":{"name":"(anonymous_4)","decl":{"start":{"line":71,"column":23},"end":{"line":71,"column":24}},"loc":{"start":{"line":71,"column":29},"end":{"line":74,"column":15}},"line":71}},"branchMap":{"0":{"loc":{"start":{"line":12,"column":4},"end":{"line":15,"column":5}},"type":"if","locations":[{"start":{"line":12,"column":4},"end":{"line":15,"column":5}},{"start":{},"end":{}}],"line":12},"1":{"loc":{"start":{"line":37,"column":9},"end":{"line":80,"column":9}},"type":"cond-expr","locations":[{"start":{"line":38,"column":10},"end":{"line":63,"column":13}},{"start":{"line":65,"column":10},"end":{"line":79,"column":16}}],"line":37},"2":{"loc":{"start":{"line":45,"column":35},"end":{"line":45,"column":72}},"type":"binary-expr","locations":[{"start":{"line":45,"column":35},"end":{"line":45,"column":52}},{"start":{"line":45,"column":56},"end":{"line":45,"column":72}}],"line":45},"3":{"loc":{"start":{"line":50,"column":13},"end":{"line":50,"column":54}},"type":"binary-expr","locations":[{"start":{"line":50,"column":13},"end":{"line":50,"column":18}},{"start":{"line":50,"column":22},"end":{"line":50,"column":54}}],"line":50},"4":{"loc":{"start":{"line":57,"column":15},"end":{"line":57,"column":44}},"type":"cond-expr","locations":[{"start":{"line":57,"column":25},"end":{"line":57,"column":33}},{"start":{"line":57,"column":36},"end":{"line":57,"column":44}}],"line":57}},"s":{"0":0,"1":0,"2":0,"3":0,"4":0,"5":0,"6":0,"7":0,"8":0,"9":0,"10":0,"11":0,"12":0,"13":0,"14":0,"15":0,"16":0,"17":0,"18":0,"19":0,"20":0},"f":{"0":0,"1":0,"2":0,"3":0,"4":0},"b":{"0":[0,0],"1":[0,0],"2":[0,0],"3":[0,0],"4":[0,0]}}
,"F:\\openclawd\\quit-smoking-app\\frontend\\src\\pages\\Verify.js": {"path":"F:\\openclawd\\quit-smoking-app\\frontend\\src\\pages\\Verify.js","statementMap":{"0":{"start":{"line":7,"column":25},"end":{"line":7,"column":42}},"1":{"start":{"line":8,"column":19},"end":{"line":8,"column":32}},"2":{"start":{"line":9,"column":30},"end":{"line":9,"column":49}},"3":{"start":{"line":10,"column":28},"end":{"line":10,"column":40}},"4":{"start":{"line":12,"column":2},"end":{"line":42,"column":31}},"5":{"start":{"line":13,"column":24},"end":{"line":39,"column":5}},"6":{"start":{"line":14,"column":6},"end":{"line":38,"column":7}},"7":{"start":{"line":15,"column":22},"end":{"line":15,"column":47}},"8":{"start":{"line":16,"column":8},"end":{"line":20,"column":9}},"9":{"start":{"line":17,"column":10},"end":{"line":17,"column":29}},"10":{"start":{"line":18,"column":10},"end":{"line":18,"column":28}},"11":{"start":{"line":19,"column":10},"end":{"line":19,"column":17}},"12":{"start":{"line":22,"column":20},"end":{"line":22,"column":102}},"13":{"start":{"line":25,"column":8},"end":{"line":25,"column":54}},"14":{"start":{"line":26,"column":8},"end":{"line":26,"column":68}},"15":{"start":{"line":28,"column":8},"end":{"line":28,"column":29}},"16":{"start":{"line":31,"column":8},"end":{"line":33,"column":17}},"17":{"start":{"line":32,"column":10},"end":{"line":32,"column":32}},"18":{"start":{"line":35,"column":8},"end":{"line":35,"column":27}},"19":{"start":{"line":36,"column":8},"end":{"line":36,"column":33}},"20":{"start":{"line":37,"column":8},"end":{"line":37,"column":36}},"21":{"start":{"line":41,"column":4},"end":{"line":41,"column":18}},"22":{"start":{"line":44,"column":2},"end":{"line":77,"column":4}},"23":{"start":{"line":68,"column":29},"end":{"line":68,"column":55}}},"fnMap":{"0":{"name":"Verify","decl":{"start":{"line":6,"column":24},"end":{"line":6,"column":30}},"loc":{"start":{"line":6,"column":33},"end":{"line":78,"column":1}},"line":6},"1":{"name":"(anonymous_1)","decl":{"start":{"line":12,"column":12},"end":{"line":12,"column":13}},"loc":{"start":{"line":12,"column":18},"end":{"line":42,"column":3}},"line":12},"2":{"name":"(anonymous_2)","decl":{"start":{"line":13,"column":24},"end":{"line":13,"column":25}},"loc":{"start":{"line":13,"column":36},"end":{"line":39,"column":5}},"line":13},"3":{"name":"(anonymous_3)","decl":{"start":{"line":31,"column":19},"end":{"line":31,"column":20}},"loc":{"start":{"line":31,"column":25},"end":{"line":33,"column":9}},"line":31},"4":{"name":"(anonymous_4)","decl":{"start":{"line":68,"column":23},"end":{"line":68,"column":24}},"loc":{"start":{"line":68,"column":29},"end":{"line":68,"column":55}},"line":68}},"branchMap":{"0":{"loc":{"start":{"line":16,"column":8},"end":{"line":20,"column":9}},"type":"if","locations":[{"start":{"line":16,"column":8},"end":{"line":20,"column":9}},{"start":{},"end":{}}],"line":16},"1":{"loc":{"start":{"line":47,"column":9},"end":{"line":52,"column":9}},"type":"binary-expr","locations":[{"start":{"line":47,"column":9},"end":{"line":47,"column":29}},{"start":{"line":48,"column":10},"end":{"line":51,"column":13}}],"line":47},"2":{"loc":{"start":{"line":54,"column":9},"end":{"line":60,"column":9}},"type":"binary-expr","locations":[{"start":{"line":54,"column":9},"end":{"line":54,"column":29}},{"start":{"line":55,"column":10},"end":{"line":59,"column":13}}],"line":54},"3":{"loc":{"start":{"line":62,"column":9},"end":{"line":74,"column":9}},"type":"binary-expr","locations":[{"start":{"line":62,"column":9},"end":{"line":62,"column":27}},{"start":{"line":63,"column":10},"end":{"line":73,"column":13}}],"line":62}},"s":{"0":0,"1":0,"2":0,"3":0,"4":0,"5":0,"6":0,"7":0,"8":0,"9":0,"10":0,"11":0,"12":0,"13":0,"14":0,"15":0,"16":0,"17":0,"18":0,"19":0,"20":0,"21":0,"22":0,"23":0},"f":{"0":0,"1":0,"2":0,"3":0,"4":0},"b":{"0":[0,0],"1":[0,0],"2":[0,0],"3":[0,0]}}
}
